[ 2015-11-18T14:47:00+08:00 ] 127.0.0.1 /ThinkPHP/imooc.php/Product/product
INFO: [ route_check ] --START--
INFO: CheckRoute Behavior ::run [ RunTime:0.001000s ]
INFO: [ route_check ] --END-- [ RunTime:0.007001s ]
INFO: [ app_begin ] --START--
INFO: ReadHtmlCache Behavior ::run [ RunTime:0.001000s ]
INFO: [ app_begin ] --END-- [ RunTime:0.001000s ]
INFO: [ view_parse ] --START--
INFO: ParseTemplate Behavior ::run [ RunTime:0.010001s ]
INFO: [ view_parse ] --END-- [ RunTime:0.010001s ]
INFO: [ view_filter ] --START--
INFO: ContentReplace Behavior ::run [ RunTime:0.001000s ]
INFO: TokenBuild Behavior ::run [ RunTime:0.000000s ]
INFO: WriteHtmlCache Behavior ::run [ RunTime:0.000000s ]
INFO: ShowRuntime Behavior ::run [ RunTime:0.000000s ]
INFO: [ view_filter ] --END-- [ RunTime:0.002000s ]
INFO: [ view_end ] --START--
INFO: ShowPageTrace Behavior ::run [ RunTime:0.001000s ]
INFO: [ view_end ] --END-- [ RunTime:0.001000s ]

[ 2015-11-18T14:47:00+08:00 ] 127.0.0.1 /ThinkPHP/imooc.php/Product/Public/css/bootstrap.min.css
INFO: [ route_check ] --START--
INFO: CheckRoute Behavior ::run [ RunTime:0.001000s ]
INFO: [ route_check ] --END-- [ RunTime:0.001000s ]
INFO: [ app_begin ] --START--
INFO: ReadHtmlCache Behavior ::run [ RunTime:0.000000s ]
INFO: [ app_begin ] --END-- [ RunTime:0.001000s ]
ERR: 非法操作:Public

[ 2015-11-18T14:47:00+08:00 ] 127.0.0.1 /ThinkPHP/imooc.php/Product/Public/js/jquery-1.11.1.min.js
INFO: [ route_check ] --START--
INFO: CheckRoute Behavior ::run [ RunTime:0.002000s ]
INFO: [ route_check ] --END-- [ RunTime:0.002000s ]
INFO: [ app_begin ] --START--
INFO: ReadHtmlCache Behavior ::run [ RunTime:0.001000s ]
INFO: [ app_begin ] --END-- [ RunTime:0.001000s ]
ERR: 非法操作:Public

[ 2015-11-18T14:47:00+08:00 ] 127.0.0.1 /ThinkPHP/imooc.php/Product/Public/js/bootstrap.min.js
INFO: [ route_check ] --START--
INFO: CheckRoute Behavior ::run [ RunTime:0.002000s ]
INFO: [ route_check ] --END-- [ RunTime:0.002000s ]
INFO: [ app_begin ] --START--
INFO: ReadHtmlCache Behavior ::run [ RunTime:0.001000s ]
INFO: [ app_begin ] --END-- [ RunTime:0.001000s ]
ERR: 非法操作:Public

[ 2015-11-18T14:47:02+08:00 ] 127.0.0.1 /ThinkPHP/imooc.php/Product/Public/css/bootstrap.min.css
INFO: [ route_check ] --START--
INFO: CheckRoute Behavior ::run [ RunTime:0.001000s ]
INFO: [ route_check ] --END-- [ RunTime:0.002000s ]
INFO: [ app_begin ] --START--
INFO: ReadHtmlCache Behavior ::run [ RunTime:0.003000s ]
INFO: [ app_begin ] --END-- [ RunTime:0.003000s ]
ERR: 非法操作:Public

[ 2015-11-18T14:47:32+08:00 ] 127.0.0.1 /ThinkPHP/imooc.php/Product/product
INFO: [ route_check ] --START--
INFO: CheckRoute Behavior ::run [ RunTime:0.001000s ]
INFO: [ route_check ] --END-- [ RunTime:0.001000s ]
INFO: [ app_begin ] --START--
INFO: ReadHtmlCache Behavior ::run [ RunTime:0.002000s ]
INFO: [ app_begin ] --END-- [ RunTime:0.002000s ]
INFO: [ view_parse ] --START--
INFO: ParseTemplate Behavior ::run [ RunTime:0.009000s ]
INFO: [ view_parse ] --END-- [ RunTime:0.009000s ]
INFO: [ view_filter ] --START--
INFO: ContentReplace Behavior ::run [ RunTime:0.000000s ]
INFO: TokenBuild Behavior ::run [ RunTime:0.001001s ]
INFO: WriteHtmlCache Behavior ::run [ RunTime:0.000000s ]
INFO: ShowRuntime Behavior ::run [ RunTime:0.001000s ]
INFO: [ view_filter ] --END-- [ RunTime:0.002001s ]
INFO: [ view_end ] --START--
INFO: ShowPageTrace Behavior ::run [ RunTime:0.001000s ]
INFO: [ view_end ] --END-- [ RunTime:0.002000s ]

[ 2015-11-18T14:47:33+08:00 ] 127.0.0.1 /ThinkPHP/imooc.php/Product/product
INFO: [ route_check ] --START--
INFO: CheckRoute Behavior ::run [ RunTime:0.000000s ]
INFO: [ route_check ] --END-- [ RunTime:0.000000s ]
INFO: [ app_begin ] --START--
INFO: ReadHtmlCache Behavior ::run [ RunTime:0.000000s ]
INFO: [ app_begin ] --END-- [ RunTime:0.000000s ]
INFO: [ view_parse ] --START--
INFO: ParseTemplate Behavior ::run [ RunTime:0.013001s ]
INFO: [ view_parse ] --END-- [ RunTime:0.013001s ]
INFO: [ view_filter ] --START--
INFO: ContentReplace Behavior ::run [ RunTime:0.000000s ]
INFO: TokenBuild Behavior ::run [ RunTime:0.001000s ]
INFO: WriteHtmlCache Behavior ::run [ RunTime:0.001000s ]
INFO: ShowRuntime Behavior ::run [ RunTime:0.001000s ]
INFO: [ view_filter ] --END-- [ RunTime:0.003000s ]
INFO: [ view_end ] --START--
INFO: ShowPageTrace Behavior ::run [ RunTime:0.000000s ]
INFO: [ view_end ] --END-- [ RunTime:0.000000s ]

[ 2015-11-18T14:48:02+08:00 ] 127.0.0.1 /ThinkPHP/imooc.php/Product/product
INFO: [ route_check ] --START--
INFO: CheckRoute Behavior ::run [ RunTime:0.001000s ]
INFO: [ route_check ] --END-- [ RunTime:0.001000s ]
INFO: [ app_begin ] --START--
INFO: ReadHtmlCache Behavior ::run [ RunTime:0.001000s ]
INFO: [ app_begin ] --END-- [ RunTime:0.001000s ]
INFO: [ view_parse ] --START--
INFO: ParseTemplate Behavior ::run [ RunTime:0.012001s ]
INFO: [ view_parse ] --END-- [ RunTime:0.012001s ]
INFO: [ view_filter ] --START--
INFO: ContentReplace Behavior ::run [ RunTime:0.000000s ]
INFO: TokenBuild Behavior ::run [ RunTime:0.001000s ]
INFO: WriteHtmlCache Behavior ::run [ RunTime:0.000000s ]
INFO: ShowRuntime Behavior ::run [ RunTime:0.001000s ]
INFO: [ view_filter ] --END-- [ RunTime:0.002000s ]
INFO: [ view_end ] --START--
INFO: ShowPageTrace Behavior ::run [ RunTime:0.002000s ]
INFO: [ view_end ] --END-- [ RunTime:0.003000s ]

[ 2015-11-18T14:48:03+08:00 ] 127.0.0.1 /ThinkPHP/imooc.php/Product/product
INFO: [ route_check ] --START--
INFO: CheckRoute Behavior ::run [ RunTime:0.000000s ]
INFO: [ route_check ] --END-- [ RunTime:0.000000s ]
INFO: [ app_begin ] --START--
INFO: ReadHtmlCache Behavior ::run [ RunTime:0.000000s ]
INFO: [ app_begin ] --END-- [ RunTime:0.000000s ]
INFO: [ view_parse ] --START--
INFO: ParseTemplate Behavior ::run [ RunTime:0.017000s ]
INFO: [ view_parse ] --END-- [ RunTime:0.017000s ]
INFO: [ view_filter ] --START--
INFO: ContentReplace Behavior ::run [ RunTime:0.001000s ]
INFO: TokenBuild Behavior ::run [ RunTime:0.000000s ]
INFO: WriteHtmlCache Behavior ::run [ RunTime:0.001000s ]
INFO: ShowRuntime Behavior ::run [ RunTime:0.000000s ]
INFO: [ view_filter ] --END-- [ RunTime:0.002000s ]
INFO: [ view_end ] --START--
INFO: ShowPageTrace Behavior ::run [ RunTime:0.001000s ]
INFO: [ view_end ] --END-- [ RunTime:0.001000s ]

[ 2015-11-18T14:48:28+08:00 ] 127.0.0.1 /ThinkPHP/imooc.php/Product/product
INFO: [ route_check ] --START--
INFO: CheckRoute Behavior ::run [ RunTime:0.011001s ]
INFO: [ route_check ] --END-- [ RunTime:0.011001s ]
INFO: [ app_begin ] --START--
INFO: ReadHtmlCache Behavior ::run [ RunTime:0.002000s ]
INFO: [ app_begin ] --END-- [ RunTime:0.002000s ]
INFO: [ view_parse ] --START--
INFO: ParseTemplate Behavior ::run [ RunTime:0.012001s ]
INFO: [ view_parse ] --END-- [ RunTime:0.012001s ]
INFO: [ view_filter ] --START--
INFO: ContentReplace Behavior ::run [ RunTime:0.001000s ]
INFO: TokenBuild Behavior ::run [ RunTime:0.001000s ]
INFO: WriteHtmlCache Behavior ::run [ RunTime:0.000000s ]
INFO: ShowRuntime Behavior ::run [ RunTime:0.001000s ]
INFO: [ view_filter ] --END-- [ RunTime:0.003000s ]
INFO: [ view_end ] --START--
INFO: ShowPageTrace Behavior ::run [ RunTime:0.002000s ]
INFO: [ view_end ] --END-- [ RunTime:0.003000s ]

[ 2015-11-18T14:48:28+08:00 ] 127.0.0.1 /ThinkPHP/imooc.php/Product/Public/js/bootstrap.min.js
INFO: [ route_check ] --START--
INFO: CheckRoute Behavior ::run [ RunTime:0.002000s ]
INFO: [ route_check ] --END-- [ RunTime:0.002000s ]
INFO: [ app_begin ] --START--
INFO: ReadHtmlCache Behavior ::run [ RunTime:0.001000s ]
INFO: [ app_begin ] --END-- [ RunTime:0.001000s ]
ERR: 非法操作:Public

[ 2015-11-18T14:48:28+08:00 ] 127.0.0.1 /ThinkPHP/imooc.php/Product/Public/js/jquery-1.11.1.min.js
INFO: [ route_check ] --START--
INFO: CheckRoute Behavior ::run [ RunTime:0.001000s ]
INFO: [ route_check ] --END-- [ RunTime:0.001000s ]
INFO: [ app_begin ] --START--
INFO: ReadHtmlCache Behavior ::run [ RunTime:0.000000s ]
INFO: [ app_begin ] --END-- [ RunTime:0.001000s ]
ERR: 非法操作:Public

[ 2015-11-18T14:48:28+08:00 ] 127.0.0.1 /ThinkPHP/imooc.php/Product/Public/css/bootstrap.min.css
INFO: [ route_check ] --START--
INFO: CheckRoute Behavior ::run [ RunTime:0.001000s ]
INFO: [ route_check ] --END-- [ RunTime:0.001000s ]
INFO: [ app_begin ] --START--
INFO: ReadHtmlCache Behavior ::run [ RunTime:0.001000s ]
INFO: [ app_begin ] --END-- [ RunTime:0.001000s ]
ERR: 非法操作:Public

[ 2015-11-18T14:50:37+08:00 ] 127.0.0.1 /ThinkPHP/imooc.php/Product/product
INFO: [ route_check ] --START--
INFO: CheckRoute Behavior ::run [ RunTime:0.001000s ]
INFO: [ route_check ] --END-- [ RunTime:0.001000s ]
INFO: [ app_begin ] --START--
INFO: ReadHtmlCache Behavior ::run [ RunTime:0.000000s ]
INFO: [ app_begin ] --END-- [ RunTime:0.000000s ]
INFO: [ view_parse ] --START--
INFO: ParseTemplate Behavior ::run [ RunTime:0.012000s ]
INFO: [ view_parse ] --END-- [ RunTime:0.012000s ]
INFO: [ view_filter ] --START--
INFO: ContentReplace Behavior ::run [ RunTime:0.000000s ]
INFO: TokenBuild Behavior ::run [ RunTime:0.001000s ]
INFO: WriteHtmlCache Behavior ::run [ RunTime:0.001000s ]
INFO: ShowRuntime Behavior ::run [ RunTime:0.001001s ]
INFO: [ view_filter ] --END-- [ RunTime:0.003001s ]
INFO: [ view_end ] --START--
INFO: ShowPageTrace Behavior ::run [ RunTime:0.001000s ]
INFO: [ view_end ] --END-- [ RunTime:0.001000s ]

[ 2015-11-18T14:50:38+08:00 ] 127.0.0.1 /ThinkPHP/imooc.php/Product/product
INFO: [ route_check ] --START--
INFO: CheckRoute Behavior ::run [ RunTime:0.000000s ]
INFO: [ route_check ] --END-- [ RunTime:0.000000s ]
INFO: [ app_begin ] --START--
INFO: ReadHtmlCache Behavior ::run [ RunTime:0.000000s ]
INFO: [ app_begin ] --END-- [ RunTime:0.000000s ]
INFO: [ view_parse ] --START--
INFO: ParseTemplate Behavior ::run [ RunTime:0.015000s ]
INFO: [ view_parse ] --END-- [ RunTime:0.015000s ]
INFO: [ view_filter ] --START--
INFO: ContentReplace Behavior ::run [ RunTime:0.001000s ]
INFO: TokenBuild Behavior ::run [ RunTime:0.000000s ]
INFO: WriteHtmlCache Behavior ::run [ RunTime:0.001000s ]
INFO: ShowRuntime Behavior ::run [ RunTime:0.000000s ]
INFO: [ view_filter ] --END-- [ RunTime:0.002000s ]
INFO: [ view_end ] --START--
INFO: ShowPageTrace Behavior ::run [ RunTime:0.001000s ]
INFO: [ view_end ] --END-- [ RunTime:0.001000s ]

[ 2015-11-18T14:50:59+08:00 ] 127.0.0.1 /ThinkPHP/imooc.php/Product/product
INFO: [ route_check ] --START--
INFO: CheckRoute Behavior ::run [ RunTime:0.001000s ]
INFO: [ route_check ] --END-- [ RunTime:0.001000s ]
INFO: [ app_begin ] --START--
INFO: ReadHtmlCache Behavior ::run [ RunTime:0.000000s ]
INFO: [ app_begin ] --END-- [ RunTime:0.000000s ]
INFO: [ view_parse ] --START--
INFO: ParseTemplate Behavior ::run [ RunTime:0.013000s ]
INFO: [ view_parse ] --END-- [ RunTime:0.013000s ]
INFO: [ view_filter ] --START--
INFO: ContentReplace Behavior ::run [ RunTime:0.000000s ]
INFO: TokenBuild Behavior ::run [ RunTime:0.001001s ]
INFO: WriteHtmlCache Behavior ::run [ RunTime:0.001000s ]
INFO: ShowRuntime Behavior ::run [ RunTime:0.000000s ]
INFO: [ view_filter ] --END-- [ RunTime:0.002001s ]
INFO: [ view_end ] --START--
INFO: ShowPageTrace Behavior ::run [ RunTime:0.001000s ]
INFO: [ view_end ] --END-- [ RunTime:0.001000s ]

